<?xml version="1.0" encoding="UTF-8"?>
<testng-results ignored="0" total="2" passed="2" failed="0" skipped="0">
  <reporter-output>
  </reporter-output>
  <suite started-at="2024-04-04T08:37:59 IST" name="Default suite" finished-at="2024-04-04T08:38:19 IST" duration-ms="20595">
    <groups>
    </groups>
    <test started-at="2024-04-04T08:37:59 IST" name="Default test" finished-at="2024-04-04T08:38:19 IST" duration-ms="20595">
      <class name="websitesTest.Webs">
        <test-method is-config="true" signature="init()[pri:0, instance:websitesTest.Webs@367ffa75]" started-at="2024-04-04T08:37:59 IST" name="init" finished-at="2024-04-04T08:38:19 IST" duration-ms="20461" status="PASS">
          <reporter-output>
          </reporter-output>
        </test-method> <!-- init -->
        <test-method is-config="true" signature="precondition()[pri:0, instance:websitesTest.Webs@367ffa75]" started-at="2024-04-04T08:38:19 IST" name="precondition" finished-at="2024-04-04T08:38:19 IST" duration-ms="2" status="PASS">
          <reporter-output>
          </reporter-output>
        </test-method> <!-- precondition -->
        <test-method signature="verifyCartValue()[pri:0, instance:websitesTest.Webs@367ffa75]" started-at="2024-04-04T08:38:19 IST" name="verifyCartValue" finished-at="2024-04-04T08:38:19 IST" duration-ms="17" status="PASS">
          <reporter-output>
          </reporter-output>
        </test-method> <!-- verifyCartValue -->
        <test-method is-config="true" signature="io()[pri:0, instance:websitesTest.Webs@367ffa75]" started-at="2024-04-04T08:38:19 IST" name="io" finished-at="2024-04-04T08:38:19 IST" duration-ms="2" status="PASS">
          <reporter-output>
          </reporter-output>
        </test-method> <!-- io -->
        <test-method is-config="true" signature="precondition()[pri:0, instance:websitesTest.Webs@367ffa75]" started-at="2024-04-04T08:38:19 IST" name="precondition" finished-at="2024-04-04T08:38:19 IST" duration-ms="1" status="PASS">
          <reporter-output>
          </reporter-output>
        </test-method> <!-- precondition -->
        <test-method signature="verifyProductValue()[pri:0, instance:websitesTest.Webs@367ffa75]" started-at="2024-04-04T08:38:19 IST" name="verifyProductValue" finished-at="2024-04-04T08:38:19 IST" duration-ms="3" status="PASS">
          <reporter-output>
          </reporter-output>
        </test-method> <!-- verifyProductValue -->
        <test-method is-config="true" signature="io()[pri:0, instance:websitesTest.Webs@367ffa75]" started-at="2024-04-04T08:38:19 IST" name="io" finished-at="2024-04-04T08:38:19 IST" duration-ms="1" status="PASS">
          <reporter-output>
          </reporter-output>
        </test-method> <!-- io -->
        <test-method is-config="true" signature="tearDown()[pri:0, instance:websitesTest.Webs@367ffa75]" started-at="2024-04-04T08:38:19 IST" name="tearDown" finished-at="2024-04-04T08:38:19 IST" duration-ms="0" status="PASS">
          <reporter-output>
          </reporter-output>
        </test-method> <!-- tearDown -->
      </class> <!-- websitesTest.Webs -->
    </test> <!-- Default test -->
  </suite> <!-- Default suite -->
</testng-results>
